0 info it worked if it ends with ok
1 verbose cli [ '/Users/bennnou/.nvm/versions/node/v6.9.1/bin/node',
1 verbose cli   '/Users/bennnou/.nvm/versions/node/v6.9.1/bin/npm',
1 verbose cli   'start' ]
2 info using npm@3.10.8
3 info using node@v6.9.1
4 verbose run-script [ 'prestart', 'start', 'poststart' ]
5 info lifecycle product-management@1.0.0~prestart: product-management@1.0.0
6 silly lifecycle product-management@1.0.0~prestart: no script for prestart, continuing
7 info lifecycle product-management@1.0.0~start: product-management@1.0.0
8 verbose lifecycle product-management@1.0.0~start: unsafe-perm in lifecycle true
9 verbose lifecycle product-management@1.0.0~start: PATH: /Users/bennnou/.nvm/versions/node/v6.9.1/lib/node_modules/npm/bin/node-gyp-bin:/Users/bennnou/training/angular2-courses/Ressources/Challenges/09_Retrieving data Using HTTP/node_modules/.bin:/Users/bennnou/.nvm/versions/node/v6.9.1/bin:/Users/bennnou/.yarn/bin:/Users/bennnou/.rbenv/shims:/usr/local/bin:/usr/bin:/bin:/usr/sbin:/sbin:/Users/bennnou/.rvm/bin:/Users/bennnou/.rvm/bin:/Library/Java/JavaVirtualMachines/jdk1.8.0_91.jdk/Contents/Home:/usr/local/ec2/ec2-api-tools-1.7.5.1:/Users/bennnou/Library/Python/2.7/bin
10 verbose lifecycle product-management@1.0.0~start: CWD: /Users/bennnou/training/angular2-courses/Ressources/Challenges/09_Retrieving data Using HTTP
11 silly lifecycle product-management@1.0.0~start: Args: [ '-c',
11 silly lifecycle   'tsc && concurrently "npm run tsc:w" "npm run live" "npm run api" ' ]
12 silly lifecycle product-management@1.0.0~start: Returned: code: 2  signal: null
13 info lifecycle product-management@1.0.0~start: Failed to exec start script
14 verbose stack Error: product-management@1.0.0 start: `tsc && concurrently "npm run tsc:w" "npm run live" "npm run api" `
14 verbose stack Exit status 2
14 verbose stack     at EventEmitter.<anonymous> (/Users/bennnou/.nvm/versions/node/v6.9.1/lib/node_modules/npm/lib/utils/lifecycle.js:255:16)
14 verbose stack     at emitTwo (events.js:106:13)
14 verbose stack     at EventEmitter.emit (events.js:191:7)
14 verbose stack     at ChildProcess.<anonymous> (/Users/bennnou/.nvm/versions/node/v6.9.1/lib/node_modules/npm/lib/utils/spawn.js:40:14)
14 verbose stack     at emitTwo (events.js:106:13)
14 verbose stack     at ChildProcess.emit (events.js:191:7)
14 verbose stack     at maybeClose (internal/child_process.js:877:16)
14 verbose stack     at Process.ChildProcess._handle.onexit (internal/child_process.js:226:5)
15 verbose pkgid product-management@1.0.0
16 verbose cwd /Users/bennnou/training/angular2-courses/Ressources/Challenges/09_Retrieving data Using HTTP
17 error Darwin 15.6.0
18 error argv "/Users/bennnou/.nvm/versions/node/v6.9.1/bin/node" "/Users/bennnou/.nvm/versions/node/v6.9.1/bin/npm" "start"
19 error node v6.9.1
20 error npm  v3.10.8
21 error code ELIFECYCLE
22 error product-management@1.0.0 start: `tsc && concurrently "npm run tsc:w" "npm run live" "npm run api" `
22 error Exit status 2
23 error Failed at the product-management@1.0.0 start script 'tsc && concurrently "npm run tsc:w" "npm run live" "npm run api" '.
23 error Make sure you have the latest version of node.js and npm installed.
23 error If you do, this is most likely a problem with the product-management package,
23 error not with npm itself.
23 error Tell the author that this fails on your system:
23 error     tsc && concurrently "npm run tsc:w" "npm run live" "npm run api"
23 error You can get information on how to open an issue for this project with:
23 error     npm bugs product-management
23 error Or if that isn't available, you can get their info via:
23 error     npm owner ls product-management
23 error There is likely additional logging output above.
24 verbose exit [ 1, true ]
